<?xml version="1.0" encoding="UTF-8"?>
<testng-results skipped="0" failed="2" total="4" passed="2">
  <reporter-output>
  </reporter-output>
  <suite name="Messenger" duration-ms="33309" started-at="2017-06-21T09:50:22Z" finished-at="2017-06-21T09:50:55Z">
    <groups>
    </groups>
    <test name="Launched_Messenger" duration-ms="142" started-at="2017-06-21T09:50:22Z" finished-at="2017-06-21T09:50:22Z">
      <class name="com.Abzooba.chatbot.testscripts.TC_0001">
        <test-method status="PASS" signature="isSkip()[pri:0, instance:com.Abzooba.chatbot.testscripts.TC_0001@370736d9]" name="isSkip" is-config="true" duration-ms="28" started-at="2017-06-21T15:20:22Z" finished-at="2017-06-21T15:20:22Z">
          <reporter-output>
          </reporter-output>
        </test-method> <!-- isSkip -->
        <test-method status="PASS" signature="chatBotLaunched(java.lang.String)[pri:1, instance:com.Abzooba.chatbot.testscripts.TC_0001@370736d9]" name="chatBotLaunched" duration-ms="64" started-at="2017-06-21T15:20:22Z" data-provider="getData" finished-at="2017-06-21T15:20:22Z">
          <params>
            <param index="0">
              <value>
                <![CDATA[Messenger]]>
              </value>
            </param>
          </params>
          <reporter-output>
          </reporter-output>
        </test-method> <!-- chatBotLaunched -->
      </class> <!-- com.Abzooba.chatbot.testscripts.TC_0001 -->
    </test> <!-- Launched_Messenger -->
    <test name="Login_into_Messenger" duration-ms="15867" started-at="2017-06-21T09:50:22Z" finished-at="2017-06-21T09:50:38Z">
      <class name="com.Abzooba.chatbot.testscripts.TC_0002">
        <test-method status="PASS" signature="isSkip()[pri:0, instance:com.Abzooba.chatbot.testscripts.TC_0002@4f970963]" name="isSkip" is-config="true" duration-ms="3" started-at="2017-06-21T15:20:22Z" finished-at="2017-06-21T15:20:22Z">
          <reporter-output>
          </reporter-output>
        </test-method> <!-- isSkip -->
        <test-method status="PASS" signature="doLogin(java.lang.String, java.lang.String)[pri:2, instance:com.Abzooba.chatbot.testscripts.TC_0002@4f970963]" name="doLogin" duration-ms="15856" started-at="2017-06-21T15:20:22Z" data-provider="getData" finished-at="2017-06-21T15:20:38Z">
          <params>
            <param index="0">
              <value>
                <![CDATA[9762209313]]>
              </value>
            </param>
            <param index="1">
              <value>
                <![CDATA[namdevdake]]>
              </value>
            </param>
          </params>
          <reporter-output>
          </reporter-output>
        </test-method> <!-- doLogin -->
      </class> <!-- com.Abzooba.chatbot.testscripts.TC_0002 -->
    </test> <!-- Login_into_Messenger -->
    <test name="Verify_ChatBot_Flow" duration-ms="17051" started-at="2017-06-21T09:50:38Z" finished-at="2017-06-21T09:50:55Z">
      <class name="com.Abzooba.chatbot.testscripts.TC_0003">
        <test-method status="PASS" signature="isSkip()[pri:0, instance:com.Abzooba.chatbot.testscripts.TC_0003@47ef968d]" name="isSkip" is-config="true" duration-ms="2" started-at="2017-06-21T15:20:38Z" finished-at="2017-06-21T15:20:38Z">
          <reporter-output>
          </reporter-output>
        </test-method> <!-- isSkip -->
        <test-method status="FAIL" signature="verifyChatBotFlow(java.lang.String)[pri:3, instance:com.Abzooba.chatbot.testscripts.TC_0003@47ef968d]" name="verifyChatBotFlow" duration-ms="17004" started-at="2017-06-21T15:20:38Z" data-provider="getData" finished-at="2017-06-21T15:20:55Z">
          <params>
            <param index="0">
              <value>
                <![CDATA[JeanieExp]]>
              </value>
            </param>
          </params>
          <exception class="java.lang.AssertionError">
            <message>
              <![CDATA[expected [true] but found [false]]]>
            </message>
            <full-stacktrace>
              <![CDATA[java.lang.AssertionError: expected [true] but found [false]
	at org.testng.Assert.fail(Assert.java:94)
	at org.testng.Assert.failNotEquals(Assert.java:513)
	at org.testng.Assert.assertTrue(Assert.java:42)
	at com.Abzooba.chatbot.testscripts.TC_0003.verifyChatBotFlow(TC_0003.java:84)
	at sun.reflect.NativeMethodAccessorImpl.invoke0(Native Method)
	at sun.reflect.NativeMethodAccessorImpl.invoke(Unknown Source)
	at sun.reflect.DelegatingMethodAccessorImpl.invoke(Unknown Source)
	at java.lang.reflect.Method.invoke(Unknown Source)
	at org.testng.internal.MethodInvocationHelper.invokeMethod(MethodInvocationHelper.java:86)
	at org.testng.internal.Invoker.invokeMethod(Invoker.java:643)
	at org.testng.internal.Invoker.invokeTestMethod(Invoker.java:820)
	at org.testng.internal.Invoker.invokeTestMethods(Invoker.java:1128)
	at org.testng.internal.TestMethodWorker.invokeTestMethods(TestMethodWorker.java:129)
	at org.testng.internal.TestMethodWorker.run(TestMethodWorker.java:112)
	at org.testng.TestRunner.privateRun(TestRunner.java:782)
	at org.testng.TestRunner.run(TestRunner.java:632)
	at org.testng.SuiteRunner.runTest(SuiteRunner.java:366)
	at org.testng.SuiteRunner.runSequentially(SuiteRunner.java:361)
	at org.testng.SuiteRunner.privateRun(SuiteRunner.java:319)
	at org.testng.SuiteRunner.run(SuiteRunner.java:268)
	at org.testng.SuiteRunnerWorker.runSuite(SuiteRunnerWorker.java:52)
	at org.testng.SuiteRunnerWorker.run(SuiteRunnerWorker.java:86)
	at org.testng.TestNG.runSuitesSequentially(TestNG.java:1244)
	at org.testng.TestNG.runSuitesLocally(TestNG.java:1169)
	at org.testng.TestNG.run(TestNG.java:1064)
	at org.testng.remote.AbstractRemoteTestNG.run(AbstractRemoteTestNG.java:132)
	at org.testng.remote.RemoteTestNG.initAndRun(RemoteTestNG.java:230)
	at org.testng.remote.RemoteTestNG.main(RemoteTestNG.java:76)
]]>
            </full-stacktrace>
          </exception> <!-- java.lang.AssertionError -->
          <reporter-output>
          </reporter-output>
        </test-method> <!-- verifyChatBotFlow -->
      </class> <!-- com.Abzooba.chatbot.testscripts.TC_0003 -->
    </test> <!-- Verify_ChatBot_Flow -->
    <test name="verifySearchForAnItem" duration-ms="91" started-at="2017-06-21T09:50:55Z" finished-at="2017-06-21T09:50:55Z">
      <class name="com.Abzooba.chatbot.testscripts.TC_0004">
        <test-method status="PASS" signature="init()[pri:0, instance:com.Abzooba.chatbot.testscripts.TC_0004@627551fb]" name="init" is-config="true" duration-ms="15357" started-at="2017-06-21T15:20:06Z" finished-at="2017-06-21T15:20:22Z">
          <reporter-output>
          </reporter-output>
        </test-method> <!-- init -->
        <test-method status="PASS" signature="isSkip()[pri:0, instance:com.Abzooba.chatbot.testscripts.TC_0004@627551fb]" name="isSkip" is-config="true" duration-ms="9" started-at="2017-06-21T15:20:55Z" finished-at="2017-06-21T15:20:55Z">
          <reporter-output>
          </reporter-output>
        </test-method> <!-- isSkip -->
        <test-method status="FAIL" signature="verifySearchForAnItem(java.lang.String)[pri:4, instance:com.Abzooba.chatbot.testscripts.TC_0004@627551fb]" name="verifySearchForAnItem" duration-ms="61" started-at="2017-06-21T15:20:55Z" data-provider="getData" finished-at="2017-06-21T15:20:55Z">
          <params>
            <param index="0">
              <value>
                <![CDATA[I need a t-shirt for men]]>
              </value>
            </param>
          </params>
          <exception class="java.lang.AssertionError">
            <message>
              <![CDATA[no such window: target window already closed
from unknown error: web view not found
  (Session info: chrome=58.0.3029.110)
  (Driver info: chromedriver=2.29.461591 (62ebf098771772160f391d75e589dc567915b233),platform=Windows NT 6.3.9600 x86_64) (WARNING: The server did not provide any stacktrace information)
Command duration or timeout: 42 milliseconds
Build info: version: '2.53.0', revision: '35ae25b1534ae328c771e0856c93e187490ca824', time: '2016-03-15 10:43:46'
System info: host: 'ABZ-150', ip: '192.168.100.136', os.name: 'Windows 8.1', os.arch: 'amd64', os.version: '6.3', java.version: '1.8.0_131'
Driver info: org.openqa.selenium.chrome.ChromeDriver
Capabilities [{applicationCacheEnabled=false, rotatable=false, mobileEmulationEnabled=false, networkConnectionEnabled=false, chrome={chromedriverVersion=2.29.461591 (62ebf098771772160f391d75e589dc567915b233), userDataDir=C:\Users\Abzooba\AppData\Local\Temp\scoped_dir7884_13550}, takesHeapSnapshot=true, pageLoadStrategy=normal, databaseEnabled=false, handlesAlerts=true, hasTouchScreen=false, version=58.0.3029.110, platform=WIN8_1, browserConnectionEnabled=false, nativeEvents=true, acceptSslCerts=true, locationContextEnabled=true, webStorageEnabled=true, browserName=chrome, takesScreenshot=true, javascriptEnabled=true, cssSelectorsEnabled=true, unexpectedAlertBehaviour=}]
Session ID: 0b8e6495ed9453d6f71f918b73176ea7
*** Element info: {Using=xpath, value=//*[starts-with(@id,'js_')]/div[2]/div/div[2]/div[2]/div/div/div/div/div[2]/div/a} expected [true] but found [false]]]>
            </message>
            <full-stacktrace>
              <![CDATA[java.lang.AssertionError: no such window: target window already closed
from unknown error: web view not found
  (Session info: chrome=58.0.3029.110)
  (Driver info: chromedriver=2.29.461591 (62ebf098771772160f391d75e589dc567915b233),platform=Windows NT 6.3.9600 x86_64) (WARNING: The server did not provide any stacktrace information)
Command duration or timeout: 42 milliseconds
Build info: version: '2.53.0', revision: '35ae25b1534ae328c771e0856c93e187490ca824', time: '2016-03-15 10:43:46'
System info: host: 'ABZ-150', ip: '192.168.100.136', os.name: 'Windows 8.1', os.arch: 'amd64', os.version: '6.3', java.version: '1.8.0_131'
Driver info: org.openqa.selenium.chrome.ChromeDriver
Capabilities [{applicationCacheEnabled=false, rotatable=false, mobileEmulationEnabled=false, networkConnectionEnabled=false, chrome={chromedriverVersion=2.29.461591 (62ebf098771772160f391d75e589dc567915b233), userDataDir=C:\Users\Abzooba\AppData\Local\Temp\scoped_dir7884_13550}, takesHeapSnapshot=true, pageLoadStrategy=normal, databaseEnabled=false, handlesAlerts=true, hasTouchScreen=false, version=58.0.3029.110, platform=WIN8_1, browserConnectionEnabled=false, nativeEvents=true, acceptSslCerts=true, locationContextEnabled=true, webStorageEnabled=true, browserName=chrome, takesScreenshot=true, javascriptEnabled=true, cssSelectorsEnabled=true, unexpectedAlertBehaviour=}]
Session ID: 0b8e6495ed9453d6f71f918b73176ea7
*** Element info: {Using=xpath, value=//*[starts-with(@id,'js_')]/div[2]/div/div[2]/div[2]/div/div/div/div/div[2]/div/a} expected [true] but found [false]
	at org.testng.Assert.fail(Assert.java:94)
	at org.testng.Assert.failNotEquals(Assert.java:513)
	at org.testng.Assert.assertTrue(Assert.java:42)
	at com.Abzooba.chatbot.testscripts.TC_0004.verifySearchForAnItem(TC_0004.java:73)
	at sun.reflect.NativeMethodAccessorImpl.invoke0(Native Method)
	at sun.reflect.NativeMethodAccessorImpl.invoke(Unknown Source)
	at sun.reflect.DelegatingMethodAccessorImpl.invoke(Unknown Source)
	at java.lang.reflect.Method.invoke(Unknown Source)
	at org.testng.internal.MethodInvocationHelper.invokeMethod(MethodInvocationHelper.java:86)
	at org.testng.internal.Invoker.invokeMethod(Invoker.java:643)
	at org.testng.internal.Invoker.invokeTestMethod(Invoker.java:820)
	at org.testng.internal.Invoker.invokeTestMethods(Invoker.java:1128)
	at org.testng.internal.TestMethodWorker.invokeTestMethods(TestMethodWorker.java:129)
	at org.testng.internal.TestMethodWorker.run(TestMethodWorker.java:112)
	at org.testng.TestRunner.privateRun(TestRunner.java:782)
	at org.testng.TestRunner.run(TestRunner.java:632)
	at org.testng.SuiteRunner.runTest(SuiteRunner.java:366)
	at org.testng.SuiteRunner.runSequentially(SuiteRunner.java:361)
	at org.testng.SuiteRunner.privateRun(SuiteRunner.java:319)
	at org.testng.SuiteRunner.run(SuiteRunner.java:268)
	at org.testng.SuiteRunnerWorker.runSuite(SuiteRunnerWorker.java:52)
	at org.testng.SuiteRunnerWorker.run(SuiteRunnerWorker.java:86)
	at org.testng.TestNG.runSuitesSequentially(TestNG.java:1244)
	at org.testng.TestNG.runSuitesLocally(TestNG.java:1169)
	at org.testng.TestNG.run(TestNG.java:1064)
	at org.testng.remote.AbstractRemoteTestNG.run(AbstractRemoteTestNG.java:132)
	at org.testng.remote.RemoteTestNG.initAndRun(RemoteTestNG.java:230)
	at org.testng.remote.RemoteTestNG.main(RemoteTestNG.java:76)
]]>
            </full-stacktrace>
          </exception> <!-- java.lang.AssertionError -->
          <reporter-output>
          </reporter-output>
        </test-method> <!-- verifySearchForAnItem -->
      </class> <!-- com.Abzooba.chatbot.testscripts.TC_0004 -->
    </test> <!-- verifySearchForAnItem -->
  </suite> <!-- Messenger -->
</testng-results>
